2017-03-31 16:49:35 [ERROR] User fhfjskhdjkfailed to log in!
2017-03-31 16:49:39 [ERROR] User fdsjhfdskjhfailed to log in!
2017-03-31 16:49:43 [INFO] User guestlogged in.
2017-03-31 16:51:02 [ERROR] User jfsdjfhsjkfailed to log in!
2017-03-31 16:51:08 [INFO] User guestlogged in.
2017-03-31 16:51:54 [INFO] User guestlogged in.
2017-03-31 17:02:30 [ERROR] User fjjdu failed to log in!
2017-03-31 17:02:35 [INFO] User guest logged in.
2017-03-31 17:07:50 [ERROR] User fjsdhfjkh failed to log in!
2017-03-31 18:21:35 [ERROR] User fjsdhfjkh failed to log in!
2017-03-31 18:21:38 [ERROR] User fbdsnbf failed to log in!
2017-03-31 18:22:04 [ERROR] User czxcz failed to log in!
2017-03-31 18:24:12 [ERROR] User daskhdkj failed to log in!
2017-03-31 18:24:17 [INFO] User guest logged in.
2017-03-31 18:41:32 [INFO] User guest logged in.
2017-03-31 18:41:56 [ERROR] User guest failed to log in!
2017-03-31 18:51:28 [ERROR] User guest failed to log in!
2017-03-31 18:51:33 [ERROR] User jkhk failed to log in!
2017-03-31 18:51:40 [ERROR] User kdashjk failed to log in!
2017-03-31 18:51:45 [INFO] User guest logged in.
2017-03-31 18:54:58 [ERROR] User jshsak failed to log in!
2017-03-31 18:55:03 [INFO] User guest logged in.
2017-03-31 18:57:32 [INFO] User guest logged in.
2017-03-31 19:12:04 [ERROR] User guest failed to log in!
2017-03-31 19:12:12 [INFO] User guest logged in.
2017-03-31 19:16:43 [INFO] User guest logged in.
2017-03-31 19:57:01 [ERROR] User hello failed to log in!
2017-03-31 19:57:06 [INFO] User guest logged in.
2017-03-31 20:30:10 [ERROR] User dhajk failed to log in!
2017-03-31 20:30:16 [INFO] User guest logged in.
